17-01-31 20:31:56[main][INFO]:welcome
17-01-31 22:08:53[main][INFO]:start descripe
17-01-31 22:09:41[main][INFO]:start descripe
17-01-31 22:09:42[main][ERROR]:
java.lang.IllegalArgumentException: Don't know how to instantiate com.salahatwa.beans.Person
	at com.salahatwa.mapper.InsializeUnknownObject.instantiate(InsializeUnknownObject.java:82)
	at com.salahatwa.xls.XLSBean.readFile(XLSBean.java:86)
	at com.salahatwa.xls.XLSBean.main(XLSBean.java:115)
17-01-31 22:21:00[main][INFO]:start descripe
17-01-31 22:21:02[main][ERROR]:
java.lang.IllegalArgumentException: Don't know how to instantiate com.salahatwa.beans.Person
	at com.salahatwa.mapper.InsializeUnknownObject.instantiate(InsializeUnknownObject.java:83)
	at com.salahatwa.xls.XLSBean.readFile(XLSBean.java:86)
	at com.salahatwa.xls.XLSBean.main(XLSBean.java:115)
17-01-31 22:22:09[main][INFO]:start descripe
17-01-31 22:22:10[main][ERROR]:
java.lang.IllegalArgumentException: Don't know how to instantiate com.salahatwa.beans.Person
	at com.salahatwa.mapper.InsializeUnknownObject.instantiate(InsializeUnknownObject.java:83)
	at com.salahatwa.xls.XLSBean.readFile(XLSBean.java:86)
	at com.salahatwa.xls.XLSBean.main(XLSBean.java:115)
17-01-31 22:22:49[main][INFO]:start descripe
17-01-31 22:22:50[main][ERROR]:
java.lang.IllegalArgumentException: Don't know how to instantiate com.salahatwa.beans.Person
	at com.salahatwa.mapper.InsializeUnknownObject.instantiate(InsializeUnknownObject.java:83)
	at com.salahatwa.xls.XLSBean.readFile(XLSBean.java:86)
	at com.salahatwa.xls.XLSBean.main(XLSBean.java:115)
17-01-31 22:23:05[main][INFO]:start descripe
17-01-31 22:23:06[main][ERROR]:
java.lang.IllegalArgumentException: Don't know how to instantiate com.salahatwa.beans.Person
	at com.salahatwa.mapper.InsializeUnknownObject.instantiate(InsializeUnknownObject.java:83)
	at com.salahatwa.xls.XLSBean.readFile(XLSBean.java:86)
	at com.salahatwa.xls.XLSBean.main(XLSBean.java:115)
17-01-31 22:24:02[main][INFO]:start descripe
17-01-31 22:24:03[main][ERROR]:
java.lang.IllegalArgumentException: Don't know how to instantiate com.salahatwa.beans.Person
	at com.salahatwa.mapper.InsializeUnknownObject.instantiate(InsializeUnknownObject.java:83)
	at com.salahatwa.xls.XLSBean.readFile(XLSBean.java:86)
	at com.salahatwa.xls.XLSBean.main(XLSBean.java:115)
17-01-31 22:25:05[main][INFO]:start descripe
17-01-31 22:25:06[main][ERROR]:
java.lang.IllegalArgumentException: Don't know how to instantiate com.salahatwa.beans.Person
	at com.salahatwa.mapper.InsializeUnknownObject.instantiate(InsializeUnknownObject.java:80)
	at com.salahatwa.xls.XLSBean.readFile(XLSBean.java:86)
	at com.salahatwa.xls.XLSBean.main(XLSBean.java:115)
17-01-31 22:25:41[main][INFO]:start descripe
17-01-31 22:25:42[main][ERROR]:
java.lang.IllegalArgumentException: Don't know how to instantiate com.salahatwa.beans.Person
	at com.salahatwa.mapper.InsializeUnknownObject.instantiate(InsializeUnknownObject.java:80)
	at com.salahatwa.xls.XLSBean.readFile(XLSBean.java:86)
	at com.salahatwa.xls.XLSBean.main(XLSBean.java:115)
17-01-31 22:26:51[main][INFO]:start descripe
17-01-31 22:26:52[main][ERROR]:
java.lang.IllegalArgumentException: Don't know how to instantiate com.salahatwa.beans.Person
	at com.salahatwa.mapper.InsializeUnknownObject.instantiate(InsializeUnknownObject.java:80)
	at com.salahatwa.xls.XLSBean.readFile(XLSBean.java:86)
	at com.salahatwa.xls.XLSBean.main(XLSBean.java:115)
17-01-31 22:27:23[main][INFO]:start descripe
17-01-31 22:27:24[main][ERROR]:
java.lang.IllegalArgumentException: Don't know how to instantiate com.salahatwa.beans.Person
	at com.salahatwa.mapper.InsializeUnknownObject.instantiate(InsializeUnknownObject.java:80)
	at com.salahatwa.xls.XLSBean.readFile(XLSBean.java:87)
	at com.salahatwa.xls.XLSBean.main(XLSBean.java:116)
17-01-31 22:29:18[main][INFO]:start descripe
17-01-31 22:29:19[main][ERROR]:
java.lang.IllegalArgumentException: Don't know how to instantiate com.salahatwa.beans.Person
	at com.salahatwa.mapper.InsializeUnknownObject.instantiate(InsializeUnknownObject.java:80)
	at com.salahatwa.xls.XLSBean.readFile(XLSBean.java:87)
	at com.salahatwa.xls.XLSBean.main(XLSBean.java:116)
